  Enemy.cpp
  Laser.cpp
  main.cpp
C:\Users\jorda\source\repos\Commaxian\Commaxian\main.cpp(83,12): warning C4244: 'argument': conversion from 'time_t' to 'unsigned int', possible loss of data
C:\Users\jorda\source\repos\Commaxian\Commaxian\main.cpp(179,69): warning C4244: 'argument': conversion from 'T' to 'float', possible loss of data
          with
          [
              T=unsigned int
          ]
C:\Users\jorda\source\repos\Commaxian\Commaxian\main.cpp(179,45): warning C4244: 'argument': conversion from 'T' to 'float', possible loss of data
          with
          [
              T=unsigned int
          ]
C:\Users\jorda\source\repos\Commaxian\Commaxian\main.cpp(186,66): warning C4244: 'argument': conversion from 'T' to 'float', possible loss of data
          with
          [
              T=unsigned int
          ]
C:\Users\jorda\source\repos\Commaxian\Commaxian\main.cpp(186,42): warning C4244: 'argument': conversion from 'T' to 'float', possible loss of data
          with
          [
              T=unsigned int
          ]
C:\Users\jorda\source\repos\Commaxian\Commaxian\main.cpp(193,77): warning C4244: 'argument': conversion from 'T' to 'float', possible loss of data
          with
          [
              T=unsigned int
          ]
C:\Users\jorda\source\repos\Commaxian\Commaxian\main.cpp(193,49): warning C4244: 'argument': conversion from 'T' to 'float', possible loss of data
          with
          [
              T=unsigned int
          ]
C:\Users\jorda\source\repos\Commaxian\Commaxian\main.cpp(200,70): warning C4244: 'argument': conversion from 'T' to 'float', possible loss of data
          with
          [
              T=unsigned int
          ]
C:\Users\jorda\source\repos\Commaxian\Commaxian\main.cpp(200,44): warning C4244: 'argument': conversion from 'T' to 'float', possible loss of data
          with
          [
              T=unsigned int
          ]
C:\Users\jorda\source\repos\Commaxian\Commaxian\main.cpp(265,23): warning C4018: '<': signed/unsigned mismatch
C:\Users\jorda\source\repos\Commaxian\Commaxian\main.cpp(419,32): warning C4244: 'argument': conversion from 'int' to 'T', possible loss of data
          with
          [
              T=float
          ]
C:\Users\jorda\source\repos\Commaxian\Commaxian\main.cpp(419,24): warning C4244: 'argument': conversion from 'int' to 'T', possible loss of data
          with
          [
              T=float
          ]
C:\Users\jorda\source\repos\Commaxian\Commaxian\main.cpp(430,22): warning C4018: '<': signed/unsigned mismatch
C:\Users\jorda\source\repos\Commaxian\Commaxian\main.cpp(442,22): warning C4018: '<': signed/unsigned mismatch
  Player.cpp
  Generating code
  Previous IPDB not found, fall back to full compilation.
  All 326 functions were compiled because no usable IPDB/IOBJ from previous compilation was found.
  Finished generating code
  Commaxian.vcxproj -> C:\Users\jorda\source\repos\Commaxian\Release\Commaxian.exe
